{"total": {"lines":{"total":628,"covered":469,"skipped":0,"pct":74.68},"statements":{"total":628,"covered":469,"skipped":0,"pct":74.68},"functions":{"total":73,"covered":36,"skipped":0,"pct":49.31},"branches":{"total":186,"covered":120,"skipped":0,"pct":64.51},"branchesTrue":{"total":0,"covered":0,"skipped":0,"pct":100}}
,"/Users/oblet/Documents/GitHub/eclipse-rougelike/postcss.config.js": {"lines":{"total":7,"covered":0,"skipped":0,"pct":0},"functions":{"total":1,"covered":0,"skipped":0,"pct":0},"statements":{"total":7,"covered":0,"skipped":0,"pct":0},"branches":{"total":1,"covered":0,"skipped":0,"pct":0}}
,"/Users/oblet/Documents/GitHub/eclipse-rougelike/src/App.tsx": {"lines":{"total":282,"covered":197,"skipped":0,"pct":69.85},"functions":{"total":38,"covered":13,"skipped":0,"pct":34.21},"statements":{"total":282,"covered":197,"skipped":0,"pct":69.85},"branches":{"total":63,"covered":43,"skipped":0,"pct":68.25}}
,"/Users/oblet/Documents/GitHub/eclipse-rougelike/src/main.tsx": {"lines":{"total":9,"covered":0,"skipped":0,"pct":0},"functions":{"total":1,"covered":0,"skipped":0,"pct":0},"statements":{"total":9,"covered":0,"skipped":0,"pct":0},"branches":{"total":1,"covered":0,"skipped":0,"pct":0}}
,"/Users/oblet/Documents/GitHub/eclipse-rougelike/src/components/ui.tsx": {"lines":{"total":40,"covered":40,"skipped":0,"pct":100},"functions":{"total":5,"covered":5,"skipped":0,"pct":100},"statements":{"total":40,"covered":40,"skipped":0,"pct":100},"branches":{"total":26,"covered":18,"skipped":0,"pct":69.23}}
,"/Users/oblet/Documents/GitHub/eclipse-rougelike/src/game/index.ts": {"lines":{"total":140,"covered":85,"skipped":0,"pct":60.71},"functions":{"total":18,"covered":15,"skipped":0,"pct":83.33},"statements":{"total":140,"covered":85,"skipped":0,"pct":60.71},"branches":{"total":48,"covered":37,"skipped":0,"pct":77.08}}
,"/Users/oblet/Documents/GitHub/eclipse-rougelike/src/pages/CombatPage.tsx": {"lines":{"total":49,"covered":46,"skipped":0,"pct":93.87},"functions":{"total":3,"covered":2,"skipped":0,"pct":66.66},"statements":{"total":49,"covered":46,"skipped":0,"pct":93.87},"branches":{"total":21,"covered":12,"skipped":0,"pct":57.14}}
,"/Users/oblet/Documents/GitHub/eclipse-rougelike/src/pages/OutpostPage.tsx": {"lines":{"total":101,"covered":101,"skipped":0,"pct":100},"functions":{"total":7,"covered":1,"skipped":0,"pct":14.28},"statements":{"total":101,"covered":101,"skipped":0,"pct":100},"branches":{"total":26,"covered":10,"skipped":0,"pct":38.46}}
}
