{"total": {"lines":{"total":777,"covered":607,"skipped":0,"pct":78.12},"statements":{"total":777,"covered":607,"skipped":0,"pct":78.12},"functions":{"total":78,"covered":40,"skipped":0,"pct":51.28},"branches":{"total":208,"covered":135,"skipped":0,"pct":64.9},"branchesTrue":{"total":0,"covered":0,"skipped":0,"pct":100}}
,"/Users/oblet/Documents/GitHub/eclipse-rougelike/postcss.config.js": {"lines":{"total":7,"covered":0,"skipped":0,"pct":0},"functions":{"total":1,"covered":0,"skipped":0,"pct":0},"statements":{"total":7,"covered":0,"skipped":0,"pct":0},"branches":{"total":1,"covered":0,"skipped":0,"pct":0}}
,"/Users/oblet/Documents/GitHub/eclipse-rougelike/src/App.tsx": {"lines":{"total":258,"covered":169,"skipped":0,"pct":65.5},"functions":{"total":35,"covered":12,"skipped":0,"pct":34.28},"statements":{"total":258,"covered":169,"skipped":0,"pct":65.5},"branches":{"total":62,"covered":42,"skipped":0,"pct":67.74}}
,"/Users/oblet/Documents/GitHub/eclipse-rougelike/src/main.tsx": {"lines":{"total":9,"covered":0,"skipped":0,"pct":0},"functions":{"total":1,"covered":0,"skipped":0,"pct":0},"statements":{"total":9,"covered":0,"skipped":0,"pct":0},"branches":{"total":1,"covered":0,"skipped":0,"pct":0}}
,"/Users/oblet/Documents/GitHub/eclipse-rougelike/src/components/modals.tsx": {"lines":{"total":64,"covered":64,"skipped":0,"pct":100},"functions":{"total":5,"covered":3,"skipped":0,"pct":60},"statements":{"total":64,"covered":64,"skipped":0,"pct":100},"branches":{"total":3,"covered":3,"skipped":0,"pct":100}}
,"/Users/oblet/Documents/GitHub/eclipse-rougelike/src/components/ui.tsx": {"lines":{"total":60,"covered":60,"skipped":0,"pct":100},"functions":{"total":5,"covered":5,"skipped":0,"pct":100},"statements":{"total":60,"covered":60,"skipped":0,"pct":100},"branches":{"total":29,"covered":20,"skipped":0,"pct":68.96}}
,"/Users/oblet/Documents/GitHub/eclipse-rougelike/src/config/defaults.ts": {"lines":{"total":9,"covered":9,"skipped":0,"pct":100},"functions":{"total":0,"covered":0,"skipped":0,"pct":100},"statements":{"total":9,"covered":9,"skipped":0,"pct":100},"branches":{"total":0,"covered":0,"skipped":0,"pct":100}}
,"/Users/oblet/Documents/GitHub/eclipse-rougelike/src/config/economy.ts": {"lines":{"total":20,"covered":13,"skipped":0,"pct":65},"functions":{"total":2,"covered":1,"skipped":0,"pct":50},"statements":{"total":20,"covered":13,"skipped":0,"pct":65},"branches":{"total":4,"covered":3,"skipped":0,"pct":75}}
,"/Users/oblet/Documents/GitHub/eclipse-rougelike/src/config/frames.ts": {"lines":{"total":5,"covered":5,"skipped":0,"pct":100},"functions":{"total":0,"covered":0,"skipped":0,"pct":100},"statements":{"total":5,"covered":5,"skipped":0,"pct":100},"branches":{"total":0,"covered":0,"skipped":0,"pct":100}}
,"/Users/oblet/Documents/GitHub/eclipse-rougelike/src/config/pacing.ts": {"lines":{"total":12,"covered":1,"skipped":0,"pct":8.33},"functions":{"total":1,"covered":0,"skipped":0,"pct":0},"statements":{"total":12,"covered":1,"skipped":0,"pct":8.33},"branches":{"total":0,"covered":0,"skipped":0,"pct":100}}
,"/Users/oblet/Documents/GitHub/eclipse-rougelike/src/config/parts.ts": {"lines":{"total":40,"covered":40,"skipped":0,"pct":100},"functions":{"total":0,"covered":0,"skipped":0,"pct":100},"statements":{"total":40,"covered":40,"skipped":0,"pct":100},"branches":{"total":0,"covered":0,"skipped":0,"pct":100}}
,"/Users/oblet/Documents/GitHub/eclipse-rougelike/src/config/types.ts": {"lines":{"total":2,"covered":2,"skipped":0,"pct":100},"functions":{"total":0,"covered":0,"skipped":0,"pct":100},"statements":{"total":2,"covered":2,"skipped":0,"pct":100},"branches":{"total":0,"covered":0,"skipped":0,"pct":100}}
,"/Users/oblet/Documents/GitHub/eclipse-rougelike/src/game/index.ts": {"lines":{"total":90,"covered":49,"skipped":0,"pct":54.44},"functions":{"total":16,"covered":14,"skipped":0,"pct":87.5},"statements":{"total":90,"covered":49,"skipped":0,"pct":54.44},"branches":{"total":46,"covered":36,"skipped":0,"pct":78.26}}
,"/Users/oblet/Documents/GitHub/eclipse-rougelike/src/pages/CombatPage.tsx": {"lines":{"total":56,"covered":53,"skipped":0,"pct":94.64},"functions":{"total":3,"covered":2,"skipped":0,"pct":66.66},"statements":{"total":56,"covered":53,"skipped":0,"pct":94.64},"branches":{"total":21,"covered":12,"skipped":0,"pct":57.14}}
,"/Users/oblet/Documents/GitHub/eclipse-rougelike/src/pages/OutpostPage.tsx": {"lines":{"total":145,"covered":142,"skipped":0,"pct":97.93},"functions":{"total":9,"covered":3,"skipped":0,"pct":33.33},"statements":{"total":145,"covered":142,"skipped":0,"pct":97.93},"branches":{"total":41,"covered":19,"skipped":0,"pct":46.34}}
}
